2025-02-03 22:28:23 - INFO - <<ETL Process>>
2025-02-03 22:28:23 - INFO - Config data access object...
2025-02-03 22:28:23 - INFO - package: mysql.connector.plugins
2025-02-03 22:28:23 - INFO - plugin_name: caching_sha2_password
2025-02-03 22:28:23 - INFO - AUTHENTICATION_PLUGIN_CLASS: MySQLCachingSHA2PasswordAuthPlugin
2025-02-03 22:28:23 - INFO - Getting data of all cities of Viet Nam...
2025-02-03 22:28:23 - INFO - Successfully. Elapsed Time: 0.0171s...
2025-02-03 22:28:23 - INFO - Extracting weather data for 6 cities of Viet Nam...
2025-02-03 22:28:31 - INFO - Successfully extract 6/6. Elapsed Time: 7.3672s...
2025-02-03 22:28:31 - INFO - Transforming weather data for 6 cities of Viet Nam...
2025-02-03 22:28:31 - ERROR - Failed to transforming data of Da Nang!!!
2025-02-03 22:28:31 - ERROR - Failed to transforming data of Thanh pho Ho Chi Minh!!!
2025-02-03 22:28:31 - INFO - Successfully transform 4/6. Elapsed Time: 0.0000s...
2025-02-03 22:28:31 - INFO - Loading weather data for 4 cities of Viet Nam...
2025-02-03 22:28:31 - INFO - Successfully load 4/4. Elapsed Time: 0.1043s...
2025-02-03 22:28:31 - INFO - <<End>>. Total Elapsed Time: 7.8072s...
2025-02-03 22:30:28 - INFO - <<ETL Process>>
2025-02-03 22:30:28 - INFO - Config data access object...
2025-02-03 22:30:29 - INFO - package: mysql.connector.plugins
2025-02-03 22:30:29 - INFO - plugin_name: caching_sha2_password
2025-02-03 22:30:29 - INFO - AUTHENTICATION_PLUGIN_CLASS: MySQLCachingSHA2PasswordAuthPlugin
2025-02-03 22:30:29 - INFO - Getting data of all cities of Viet Nam...
2025-02-03 22:30:29 - INFO - Successfully. Elapsed Time: 0.0070s...
2025-02-03 22:30:29 - INFO - Extracting weather data for 6 cities of Viet Nam...
2025-02-03 22:30:35 - INFO - Successfully extract 6/6. Elapsed Time: 6.5435s...
2025-02-03 22:30:35 - INFO - Transforming weather data for 6 cities of Viet Nam...
2025-02-03 22:30:35 - ERROR - Failed to transforming data of Da Nang!!!
2025-02-03 22:30:35 - ERROR - Failed to transforming data of Thanh pho Ho Chi Minh!!!
2025-02-03 22:30:35 - INFO - Successfully transform 4/6. Elapsed Time: 0.0000s...
2025-02-03 22:30:35 - INFO - Loading weather data for 4 cities of Viet Nam...
2025-02-03 22:30:35 - ERROR - Failed to loading data of city with id 1!!!
2025-02-03 22:30:35 - ERROR - Failed to loading data of city with id 8!!!
2025-02-03 22:30:35 - ERROR - Failed to loading data of city with id 14!!!
2025-02-03 22:30:35 - ERROR - Failed to loading data of city with id 40!!!
2025-02-03 22:30:35 - INFO - Successfully load 0/4. Elapsed Time: 0.0185s...
2025-02-03 22:30:35 - INFO - <<End>>. Total Elapsed Time: 6.8028s...
2025-02-03 22:38:07 - INFO - <<ETL Process>>
2025-02-03 22:38:07 - INFO - Config data access object...
2025-02-03 22:38:07 - INFO - package: mysql.connector.plugins
2025-02-03 22:38:07 - INFO - plugin_name: caching_sha2_password
2025-02-03 22:38:07 - INFO - AUTHENTICATION_PLUGIN_CLASS: MySQLCachingSHA2PasswordAuthPlugin
2025-02-03 22:38:07 - INFO - Getting data of all cities of Viet Nam...
2025-02-03 22:38:07 - INFO - Successfully. Elapsed Time: 0.0155s...
2025-02-03 22:38:07 - INFO - Extracting weather data for 6 cities of Viet Nam...
2025-02-03 22:38:15 - INFO - Successfully extract 6/6. Elapsed Time: 7.3695s...
2025-02-03 22:38:15 - INFO - Transforming weather data for 6 cities of Viet Nam...
2025-02-03 22:38:15 - INFO - Successfully transform 6/6. Elapsed Time: 0.0000s...
2025-02-03 22:38:15 - INFO - Loading weather data for 6 cities of Viet Nam...
2025-02-03 22:38:15 - INFO - Successfully load 6/6. Elapsed Time: 0.1026s...
2025-02-03 22:38:15 - INFO - <<End>>. Total Elapsed Time: 7.7786s...
2025-02-04 11:03:00 - INFO - ---Job 1---
2025-02-04 11:03:00 - INFO - <<ETL Process>>
2025-02-04 11:03:00 - INFO - Config data access object...
2025-02-04 11:03:00 - INFO - package: mysql.connector.plugins
2025-02-04 11:03:00 - INFO - plugin_name: caching_sha2_password
2025-02-04 11:03:00 - INFO - AUTHENTICATION_PLUGIN_CLASS: MySQLCachingSHA2PasswordAuthPlugin
2025-02-04 11:03:01 - INFO - Getting data of all cities of Viet Nam...
2025-02-04 11:03:01 - INFO - Successfully. Elapsed Time: 0.0542s...
2025-02-04 11:03:01 - INFO - Extracting weather data for 6 cities of Viet Nam...
2025-02-04 11:03:09 - INFO - Successfully extract 6/6. Elapsed Time: 7.9912s...
2025-02-04 11:03:09 - INFO - Transforming weather data for 6 cities of Viet Nam...
2025-02-04 11:03:09 - INFO - Successfully transform 6/6. Elapsed Time: 0.0000s...
2025-02-04 11:03:09 - INFO - Loading weather data for 6 cities of Viet Nam...
2025-02-04 11:03:09 - INFO - Successfully load 6/6. Elapsed Time: 0.1176s...
2025-02-04 11:03:09 - INFO - <<End>>. Total Elapsed Time: 8.7679s...
2025-02-04 11:06:00 - INFO - ---Job 2---
2025-02-04 11:06:00 - INFO - <<ETL Process>>
2025-02-04 11:06:00 - INFO - Config data access object...
2025-02-04 11:06:00 - INFO - Getting data of all cities of Viet Nam...
2025-02-04 11:06:00 - INFO - Successfully. Elapsed Time: 0.0084s...
2025-02-04 11:06:00 - INFO - Extracting weather data for 6 cities of Viet Nam...
2025-02-04 11:06:07 - INFO - Successfully extract 6/6. Elapsed Time: 6.5571s...
2025-02-04 11:06:07 - INFO - Transforming weather data for 6 cities of Viet Nam...
2025-02-04 11:06:07 - INFO - Successfully transform 6/6. Elapsed Time: 0.0000s...
2025-02-04 11:06:07 - INFO - Loading weather data for 6 cities of Viet Nam...
2025-02-04 11:06:07 - INFO - Successfully load 6/6. Elapsed Time: 0.0811s...
2025-02-04 11:06:07 - INFO - <<End>>. Total Elapsed Time: 6.8609s...
2025-02-04 11:09:00 - INFO - ---Job 3---
2025-02-04 11:09:00 - INFO - <<ETL Process>>
2025-02-04 11:09:00 - INFO - Config data access object...
2025-02-04 11:09:00 - INFO - Getting data of all cities of Viet Nam...
2025-02-04 11:09:00 - INFO - Successfully. Elapsed Time: 0.0156s...
2025-02-04 11:09:00 - INFO - Extracting weather data for 6 cities of Viet Nam...
2025-02-04 11:09:07 - INFO - Successfully extract 6/6. Elapsed Time: 7.3773s...
2025-02-04 11:09:07 - INFO - Transforming weather data for 6 cities of Viet Nam...
2025-02-04 11:09:07 - INFO - Successfully transform 6/6. Elapsed Time: 0.0000s...
2025-02-04 11:09:07 - INFO - Loading weather data for 6 cities of Viet Nam...
2025-02-04 11:09:07 - INFO - Successfully load 6/6. Elapsed Time: 0.1388s...
2025-02-04 11:09:07 - INFO - <<End>>. Total Elapsed Time: 7.6781s...
2025-02-04 11:09:08 - INFO - Execution job count has reached 3. Cancelling the job.
2025-02-04 11:09:08 - INFO - !!!Done!!!
2025-02-05 10:33:00 - INFO - ---Job 1---
2025-02-05 10:33:00 - INFO - <<ETL Process>>
2025-02-05 10:33:00 - INFO - Config data access object...
2025-02-05 10:33:00 - INFO - package: mysql.connector.plugins
2025-02-05 10:33:00 - INFO - plugin_name: caching_sha2_password
2025-02-05 10:33:00 - INFO - AUTHENTICATION_PLUGIN_CLASS: MySQLCachingSHA2PasswordAuthPlugin
2025-02-05 10:33:01 - INFO - Getting data of all cities of Viet Nam...
2025-02-05 10:33:03 - INFO - Successfully. Elapsed Time: 1.9389s...
2025-02-05 10:33:03 - INFO - Extracting weather data for 10 cities of Viet Nam...
2025-02-05 10:33:15 - INFO - Successfully extract 10/10. Elapsed Time: 12.4737s...
2025-02-05 10:33:15 - INFO - Transforming weather data for 10 cities of Viet Nam...
2025-02-05 10:33:15 - INFO - Successfully transform 10/10. Elapsed Time: 0.0000s...
2025-02-05 10:33:15 - INFO - Loading weather data for 10 cities of Viet Nam...
2025-02-05 10:33:15 - INFO - Successfully load 10/10. Elapsed Time: 0.1367s...
2025-02-05 10:33:15 - INFO - <<End>>. Total Elapsed Time: 15.0832s...
2025-02-05 10:36:00 - INFO - ---Job 2---
2025-02-05 10:36:00 - INFO - <<ETL Process>>
2025-02-05 10:36:00 - INFO - Config data access object...
2025-02-05 10:36:01 - INFO - Getting data of all cities of Viet Nam...
2025-02-05 10:36:01 - INFO - Successfully. Elapsed Time: 0.0000s...
2025-02-05 10:36:01 - INFO - Extracting weather data for 10 cities of Viet Nam...
2025-02-05 10:36:11 - INFO - Successfully extract 10/10. Elapsed Time: 10.6731s...
2025-02-05 10:36:11 - INFO - Transforming weather data for 10 cities of Viet Nam...
2025-02-05 10:36:11 - INFO - Successfully transform 10/10. Elapsed Time: 0.0000s...
2025-02-05 10:36:11 - INFO - Loading weather data for 10 cities of Viet Nam...
2025-02-05 10:36:11 - INFO - Successfully load 10/10. Elapsed Time: 0.1673s...
2025-02-05 10:36:11 - INFO - <<End>>. Total Elapsed Time: 11.0392s...
2025-02-05 10:39:00 - INFO - ---Job 3---
2025-02-05 10:39:00 - INFO - <<ETL Process>>
2025-02-05 10:39:00 - INFO - Config data access object...
2025-02-05 10:39:01 - INFO - Getting data of all cities of Viet Nam...
2025-02-05 10:39:01 - INFO - Successfully. Elapsed Time: 0.0156s...
2025-02-05 10:39:01 - INFO - Extracting weather data for 10 cities of Viet Nam...
2025-02-05 10:39:12 - INFO - Successfully extract 10/10. Elapsed Time: 11.7512s...
2025-02-05 10:39:12 - INFO - Transforming weather data for 10 cities of Viet Nam...
2025-02-05 10:39:12 - INFO - Successfully transform 10/10. Elapsed Time: 0.0000s...
2025-02-05 10:39:12 - INFO - Loading weather data for 10 cities of Viet Nam...
2025-02-05 10:39:13 - INFO - Successfully load 10/10. Elapsed Time: 0.1720s...
2025-02-05 10:39:13 - INFO - <<End>>. Total Elapsed Time: 12.1094s...
2025-02-05 10:42:00 - INFO - ---Job 4---
2025-02-05 10:42:00 - INFO - <<ETL Process>>
2025-02-05 10:42:00 - INFO - Config data access object...
2025-02-05 10:42:00 - INFO - Getting data of all cities of Viet Nam...
2025-02-05 10:42:00 - INFO - Successfully. Elapsed Time: 0.0059s...
2025-02-05 10:42:00 - INFO - Extracting weather data for 10 cities of Viet Nam...
2025-02-05 10:42:11 - INFO - Successfully extract 10/10. Elapsed Time: 11.2684s...
2025-02-05 10:42:11 - INFO - Transforming weather data for 10 cities of Viet Nam...
2025-02-05 10:42:11 - INFO - Successfully transform 10/10. Elapsed Time: 0.0000s...
2025-02-05 10:42:11 - INFO - Loading weather data for 10 cities of Viet Nam...
2025-02-05 10:42:11 - INFO - Successfully load 10/10. Elapsed Time: 0.1271s...
2025-02-05 10:42:11 - INFO - <<End>>. Total Elapsed Time: 11.5704s...
2025-02-05 10:45:00 - INFO - ---Job 5---
2025-02-05 10:45:00 - INFO - <<ETL Process>>
2025-02-05 10:45:00 - INFO - Config data access object...
2025-02-05 10:45:01 - INFO - Getting data of all cities of Viet Nam...
2025-02-05 10:45:01 - INFO - Successfully. Elapsed Time: 0.0177s...
2025-02-05 10:45:01 - INFO - Extracting weather data for 10 cities of Viet Nam...
2025-02-05 10:45:13 - INFO - Successfully extract 10/10. Elapsed Time: 12.6492s...
2025-02-05 10:45:13 - INFO - Transforming weather data for 10 cities of Viet Nam...
2025-02-05 10:45:13 - INFO - Successfully transform 10/10. Elapsed Time: 0.0000s...
2025-02-05 10:45:13 - INFO - Loading weather data for 10 cities of Viet Nam...
2025-02-05 10:45:13 - INFO - Successfully load 10/10. Elapsed Time: 0.1567s...
2025-02-05 10:45:13 - INFO - <<End>>. Total Elapsed Time: 12.9847s...
2025-02-05 10:48:00 - INFO - ---Job 6---
2025-02-05 10:48:00 - INFO - <<ETL Process>>
2025-02-05 10:48:00 - INFO - Config data access object...
2025-02-05 10:48:01 - INFO - Getting data of all cities of Viet Nam...
2025-02-05 10:48:01 - INFO - Successfully. Elapsed Time: 0.0151s...
2025-02-05 10:48:01 - INFO - Extracting weather data for 10 cities of Viet Nam...
2025-02-05 10:48:11 - INFO - Successfully extract 10/10. Elapsed Time: 10.3113s...
2025-02-05 10:48:11 - INFO - Transforming weather data for 10 cities of Viet Nam...
2025-02-05 10:48:11 - INFO - Successfully transform 10/10. Elapsed Time: 0.0000s...
2025-02-05 10:48:11 - INFO - Loading weather data for 10 cities of Viet Nam...
2025-02-05 10:48:11 - INFO - Successfully load 10/10. Elapsed Time: 0.1099s...
2025-02-05 10:48:11 - INFO - <<End>>. Total Elapsed Time: 10.6140s...
2025-02-05 10:51:00 - INFO - ---Job 7---
2025-02-05 10:51:00 - INFO - <<ETL Process>>
2025-02-05 10:51:00 - INFO - Config data access object...
2025-02-05 10:51:00 - INFO - Getting data of all cities of Viet Nam...
2025-02-05 10:51:00 - INFO - Successfully. Elapsed Time: 0.0000s...
2025-02-05 10:51:00 - INFO - Extracting weather data for 10 cities of Viet Nam...
2025-02-05 10:51:10 - INFO - Successfully extract 10/10. Elapsed Time: 10.0814s...
2025-02-05 10:51:10 - INFO - Transforming weather data for 10 cities of Viet Nam...
2025-02-05 10:51:10 - INFO - Successfully transform 10/10. Elapsed Time: 0.0000s...
2025-02-05 10:51:10 - INFO - Loading weather data for 10 cities of Viet Nam...
2025-02-05 10:51:11 - INFO - Successfully load 10/10. Elapsed Time: 0.1727s...
2025-02-05 10:51:11 - INFO - <<End>>. Total Elapsed Time: 10.4185s...
2025-02-05 10:54:00 - INFO - ---Job 8---
2025-02-05 10:54:00 - INFO - <<ETL Process>>
2025-02-05 10:54:00 - INFO - Config data access object...
2025-02-05 10:54:00 - INFO - Getting data of all cities of Viet Nam...
2025-02-05 10:54:00 - INFO - Successfully. Elapsed Time: 0.0000s...
2025-02-05 10:54:00 - INFO - Extracting weather data for 10 cities of Viet Nam...
2025-02-05 10:54:13 - INFO - Successfully extract 10/10. Elapsed Time: 12.8489s...
2025-02-05 10:54:13 - INFO - Transforming weather data for 10 cities of Viet Nam...
2025-02-05 10:54:13 - INFO - Successfully transform 10/10. Elapsed Time: 0.0000s...
2025-02-05 10:54:13 - INFO - Loading weather data for 10 cities of Viet Nam...
2025-02-05 10:54:13 - INFO - Successfully load 10/10. Elapsed Time: 0.1496s...
2025-02-05 10:54:13 - INFO - <<End>>. Total Elapsed Time: 13.1675s...
2025-02-05 10:54:14 - INFO - Execution job count has reached 8. Cancelling the job.
2025-02-05 10:54:14 - INFO - !!!Done!!!
2025-02-07 16:50:00 - INFO - ---Job 1---
2025-02-07 16:50:00 - INFO - <<ETL Process>>
2025-02-07 16:50:00 - INFO - Config data access object...
2025-02-07 16:50:00 - INFO - Getting data of all cities of Viet Nam...
2025-02-07 16:50:01 - INFO - Successfully. Elapsed Time: 1.3803s...
2025-02-07 16:50:01 - INFO - Extracting weather data for 10 cities of Viet Nam...
2025-02-07 16:50:10 - INFO - Successfully extract 10/10. Elapsed Time: 9.3984s...
2025-02-07 16:50:10 - INFO - Transforming weather data for 10 cities of Viet Nam...
2025-02-07 16:50:10 - INFO - Successfully transform 10/10. Elapsed Time: 0.0000s...
2025-02-07 16:50:10 - INFO - Loading weather data for 10 cities of Viet Nam...
2025-02-07 16:50:10 - INFO - Successfully load 10/10. Elapsed Time: 0.0302s...
2025-02-07 16:50:10 - INFO - <<End>>. Total Elapsed Time: 10.8232s...
2025-02-07 17:00:00 - INFO - ---Job 2---
2025-02-07 17:00:00 - INFO - <<ETL Process>>
2025-02-07 17:00:00 - INFO - Config data access object...
2025-02-07 17:00:00 - INFO - Getting data of all cities of Viet Nam...
2025-02-07 17:00:00 - INFO - Successfully. Elapsed Time: 0.0050s...
2025-02-07 17:00:00 - INFO - Extracting weather data for 10 cities of Viet Nam...
2025-02-07 17:00:10 - INFO - Successfully extract 10/10. Elapsed Time: 10.2463s...
2025-02-07 17:00:10 - INFO - Transforming weather data for 10 cities of Viet Nam...
2025-02-07 17:00:10 - INFO - Successfully transform 10/10. Elapsed Time: 0.0000s...
2025-02-07 17:00:10 - INFO - Loading weather data for 10 cities of Viet Nam...
2025-02-07 17:00:10 - INFO - Successfully load 10/10. Elapsed Time: 0.0392s...
2025-02-07 17:00:10 - INFO - <<End>>. Total Elapsed Time: 10.2989s...
2025-02-07 17:10:00 - INFO - ---Job 3---
2025-02-07 17:10:00 - INFO - <<ETL Process>>
2025-02-07 17:10:00 - INFO - Config data access object...
2025-02-07 17:10:00 - INFO - Getting data of all cities of Viet Nam...
2025-02-07 17:10:00 - INFO - Successfully. Elapsed Time: 0.0049s...
2025-02-07 17:10:00 - INFO - Extracting weather data for 10 cities of Viet Nam...
2025-02-07 17:10:10 - INFO - Successfully extract 10/10. Elapsed Time: 9.3289s...
2025-02-07 17:10:10 - INFO - Transforming weather data for 10 cities of Viet Nam...
2025-02-07 17:10:10 - INFO - Successfully transform 10/10. Elapsed Time: 0.0010s...
2025-02-07 17:10:10 - INFO - Loading weather data for 10 cities of Viet Nam...
2025-02-07 17:10:10 - INFO - Successfully load 10/10. Elapsed Time: 0.0258s...
2025-02-07 17:10:10 - INFO - <<End>>. Total Elapsed Time: 9.3720s...
2025-02-07 17:10:11 - INFO - Execution job count has reached 3. Cancelling the job.
2025-02-07 17:10:11 - INFO - !!!Done!!!
2025-02-07 17:27:00 - INFO - ---Job 1---
2025-02-07 17:27:00 - INFO - <<ETL Process>>
2025-02-07 17:27:00 - INFO - Config data access object...
2025-02-07 17:27:00 - INFO - Getting data of all cities of Viet Nam...
2025-02-07 17:27:00 - INFO - Successfully. Elapsed Time: 0.0204s...
2025-02-07 17:27:00 - INFO - Extracting weather data for 10 cities of Viet Nam...
2025-02-07 17:27:10 - INFO - Successfully extract 10/10. Elapsed Time: 10.4722s...
2025-02-07 17:27:10 - INFO - Transforming weather data for 10 cities of Viet Nam...
2025-02-07 17:27:10 - INFO - Successfully transform 10/10. Elapsed Time: 0.0000s...
2025-02-07 17:27:10 - INFO - Loading weather data for 10 cities of Viet Nam...
2025-02-07 17:27:10 - INFO - Successfully load 10/10. Elapsed Time: 0.0085s...
2025-02-07 17:27:10 - INFO - <<End>>. Total Elapsed Time: 10.5967s...
2025-02-07 17:27:11 - INFO - Execution job count has reached 1. Cancelling the job.
2025-02-07 17:27:11 - INFO - !!!Done!!!
2025-02-07 17:36:00 - INFO - ---Job 1---
2025-02-07 17:36:00 - INFO - <<ETL Process>>
2025-02-07 17:36:00 - INFO - Config data access object...
2025-02-07 17:36:00 - INFO - Getting data of all cities of Viet Nam...
2025-02-07 17:36:00 - INFO - Successfully. Elapsed Time: 0.0356s...
2025-02-07 17:36:00 - INFO - Extracting weather data for 10 cities of Viet Nam...
2025-02-07 17:36:10 - INFO - Successfully extract 10/10. Elapsed Time: 9.7888s...
2025-02-07 17:36:10 - INFO - Transforming weather data for 10 cities of Viet Nam...
2025-02-07 17:36:10 - INFO - Successfully transform 10/10. Elapsed Time: 0.0010s...
2025-02-07 17:36:10 - INFO - Loading weather data for 10 cities of Viet Nam...
2025-02-07 17:36:10 - INFO - Successfully load 10/10. Elapsed Time: 0.0310s...
2025-02-07 17:36:10 - INFO - <<End>>. Total Elapsed Time: 9.8721s...
2025-02-07 17:36:11 - INFO - Execution job count has reached 1. Cancelling the job.
2025-02-07 17:36:11 - INFO - !!!Done!!!
2025-02-08 11:40:00 - INFO - ---Job 1---
2025-02-08 11:40:00 - INFO - <<ETL Process>>
2025-02-08 11:40:00 - INFO - Config data access object...
2025-02-08 11:40:00 - INFO - Getting data of all cities of Viet Nam...
2025-02-08 11:40:00 - INFO - Successfully. Elapsed Time: 0.0769s...
2025-02-08 11:40:00 - INFO - Extracting weather data for 10 cities of Viet Nam...
2025-02-08 11:40:25 - INFO - Successfully extract 10/10. Elapsed Time: 24.8377s...
2025-02-08 11:40:25 - INFO - Transforming weather data for 10 cities of Viet Nam...
2025-02-08 11:40:25 - INFO - Successfully transform 10/10. Elapsed Time: 0.0010s...
2025-02-08 11:40:25 - INFO - Loading weather data for 10 cities of Viet Nam...
2025-02-08 11:40:25 - INFO - Successfully load 10/10. Elapsed Time: 0.0354s...
2025-02-08 11:40:25 - INFO - <<End>>. Total Elapsed Time: 25.1719s...
2025-02-08 12:00:00 - INFO - ---Job 2---
2025-02-08 12:00:00 - INFO - <<ETL Process>>
2025-02-08 12:00:00 - INFO - Config data access object...
2025-02-08 12:00:00 - INFO - Getting data of all cities of Viet Nam...
2025-02-08 12:00:00 - INFO - Successfully. Elapsed Time: 0.0190s...
2025-02-08 12:00:00 - INFO - Extracting weather data for 10 cities of Viet Nam...
2025-02-08 12:00:23 - INFO - Successfully extract 10/10. Elapsed Time: 22.6902s...
2025-02-08 12:00:23 - INFO - Transforming weather data for 10 cities of Viet Nam...
2025-02-08 12:00:23 - INFO - Successfully transform 10/10. Elapsed Time: 0.0010s...
2025-02-08 12:00:23 - INFO - Loading weather data for 10 cities of Viet Nam...
2025-02-08 12:00:23 - INFO - Successfully load 10/10. Elapsed Time: 0.0260s...
2025-02-08 12:00:23 - INFO - <<End>>. Total Elapsed Time: 22.7621s...
2025-02-08 12:20:00 - INFO - ---Job 3---
2025-02-08 12:20:00 - INFO - <<ETL Process>>
2025-02-08 12:20:00 - INFO - Config data access object...
2025-02-08 12:20:00 - INFO - Getting data of all cities of Viet Nam...
2025-02-08 12:20:00 - INFO - Successfully. Elapsed Time: 0.0291s...
2025-02-08 12:20:00 - INFO - Extracting weather data for 10 cities of Viet Nam...
2025-02-08 12:20:25 - INFO - Successfully extract 10/10. Elapsed Time: 25.1030s...
2025-02-08 12:20:25 - INFO - Transforming weather data for 10 cities of Viet Nam...
2025-02-08 12:20:25 - INFO - Successfully transform 10/10. Elapsed Time: 0.0000s...
2025-02-08 12:20:25 - INFO - Loading weather data for 10 cities of Viet Nam...
2025-02-08 12:20:25 - INFO - Successfully load 10/10. Elapsed Time: 0.0243s...
2025-02-08 12:20:25 - INFO - <<End>>. Total Elapsed Time: 25.1787s...
2025-02-08 12:40:00 - INFO - ---Job 4---
2025-02-08 12:40:00 - INFO - <<ETL Process>>
2025-02-08 12:40:00 - INFO - Config data access object...
2025-02-08 12:40:01 - INFO - Getting data of all cities of Viet Nam...
2025-02-08 12:40:01 - INFO - Successfully. Elapsed Time: 0.0344s...
2025-02-08 12:40:01 - INFO - Extracting weather data for 10 cities of Viet Nam...
2025-02-08 12:40:26 - INFO - Successfully extract 10/10. Elapsed Time: 25.9503s...
2025-02-08 12:40:26 - INFO - Transforming weather data for 10 cities of Viet Nam...
2025-02-08 12:40:26 - INFO - Successfully transform 10/10. Elapsed Time: 0.0000s...
2025-02-08 12:40:26 - INFO - Loading weather data for 10 cities of Viet Nam...
2025-02-08 12:40:27 - INFO - Successfully load 10/10. Elapsed Time: 0.0363s...
2025-02-08 12:40:27 - INFO - <<End>>. Total Elapsed Time: 26.0427s...
2025-02-08 13:00:00 - INFO - ---Job 5---
2025-02-08 13:00:00 - INFO - <<ETL Process>>
2025-02-08 13:00:00 - INFO - Config data access object...
2025-02-08 13:00:00 - INFO - Getting data of all cities of Viet Nam...
2025-02-08 13:00:00 - INFO - Successfully. Elapsed Time: 0.0401s...
2025-02-08 13:00:00 - INFO - Extracting weather data for 10 cities of Viet Nam...
2025-02-08 13:00:24 - INFO - Successfully extract 10/10. Elapsed Time: 24.3183s...
2025-02-08 13:00:24 - INFO - Transforming weather data for 10 cities of Viet Nam...
2025-02-08 13:00:24 - INFO - Successfully transform 10/10. Elapsed Time: 0.0011s...
2025-02-08 13:00:24 - INFO - Loading weather data for 10 cities of Viet Nam...
2025-02-08 13:00:25 - INFO - Successfully load 10/10. Elapsed Time: 0.0246s...
2025-02-08 13:00:25 - INFO - <<End>>. Total Elapsed Time: 24.3989s...
2025-02-08 13:20:00 - INFO - ---Job 6---
2025-02-08 13:20:00 - INFO - <<ETL Process>>
2025-02-08 13:20:00 - INFO - Config data access object...
2025-02-08 13:20:00 - INFO - Getting data of all cities of Viet Nam...
2025-02-08 13:20:00 - INFO - Successfully. Elapsed Time: 0.0190s...
2025-02-08 13:20:00 - INFO - Extracting weather data for 10 cities of Viet Nam...
2025-02-08 13:20:24 - INFO - Successfully extract 10/10. Elapsed Time: 23.5408s...
2025-02-08 13:20:24 - INFO - Transforming weather data for 10 cities of Viet Nam...
2025-02-08 13:20:24 - INFO - Successfully transform 10/10. Elapsed Time: 0.0000s...
2025-02-08 13:20:24 - INFO - Loading weather data for 10 cities of Viet Nam...
2025-02-08 13:20:24 - INFO - Successfully load 10/10. Elapsed Time: 0.0507s...
2025-02-08 13:20:24 - INFO - <<End>>. Total Elapsed Time: 23.6351s...
2025-02-08 13:40:00 - INFO - ---Job 7---
2025-02-08 13:40:00 - INFO - <<ETL Process>>
2025-02-08 13:40:00 - INFO - Config data access object...
2025-02-08 13:40:00 - INFO - Getting data of all cities of Viet Nam...
2025-02-08 13:40:00 - INFO - Successfully. Elapsed Time: 0.0150s...
2025-02-08 13:40:00 - INFO - Extracting weather data for 10 cities of Viet Nam...
2025-02-08 13:40:27 - INFO - Successfully extract 10/10. Elapsed Time: 27.0780s...
2025-02-08 13:40:27 - INFO - Transforming weather data for 10 cities of Viet Nam...
2025-02-08 13:40:27 - INFO - Successfully transform 10/10. Elapsed Time: 0.0000s...
2025-02-08 13:40:27 - INFO - Loading weather data for 10 cities of Viet Nam...
2025-02-08 13:40:27 - INFO - Successfully load 10/10. Elapsed Time: 0.0404s...
2025-02-08 13:40:27 - INFO - <<End>>. Total Elapsed Time: 27.1566s...
2025-02-08 14:00:00 - INFO - ---Job 8---
2025-02-08 14:00:00 - INFO - <<ETL Process>>
2025-02-08 14:00:00 - INFO - Config data access object...
2025-02-08 14:00:00 - INFO - Getting data of all cities of Viet Nam...
2025-02-08 14:00:00 - INFO - Successfully. Elapsed Time: 0.0072s...
2025-02-08 14:00:00 - INFO - Extracting weather data for 10 cities of Viet Nam...
2025-02-08 14:00:15 - INFO - Successfully extract 10/10. Elapsed Time: 14.6634s...
2025-02-08 14:00:15 - INFO - Transforming weather data for 10 cities of Viet Nam...
2025-02-08 14:00:15 - INFO - Successfully transform 10/10. Elapsed Time: 0.0000s...
2025-02-08 14:00:15 - INFO - Loading weather data for 10 cities of Viet Nam...
2025-02-08 14:00:15 - INFO - Successfully load 10/10. Elapsed Time: 0.0270s...
2025-02-08 14:00:15 - INFO - <<End>>. Total Elapsed Time: 14.7086s...
2025-02-08 14:20:00 - INFO - ---Job 9---
2025-02-08 14:20:00 - INFO - <<ETL Process>>
2025-02-08 14:20:00 - INFO - Config data access object...
2025-02-08 14:20:00 - INFO - Getting data of all cities of Viet Nam...
2025-02-08 14:20:00 - INFO - Successfully. Elapsed Time: 0.0327s...
2025-02-08 14:20:00 - INFO - Extracting weather data for 10 cities of Viet Nam...
2025-02-08 14:20:13 - INFO - Successfully extract 10/10. Elapsed Time: 12.7139s...
2025-02-08 14:20:13 - INFO - Transforming weather data for 10 cities of Viet Nam...
2025-02-08 14:20:13 - INFO - Successfully transform 10/10. Elapsed Time: 0.0000s...
2025-02-08 14:20:13 - INFO - Loading weather data for 10 cities of Viet Nam...
2025-02-08 14:20:13 - INFO - Successfully load 10/10. Elapsed Time: 0.0276s...
2025-02-08 14:20:13 - INFO - <<End>>. Total Elapsed Time: 12.8158s...
2025-02-08 14:40:00 - INFO - ---Job 10---
2025-02-08 14:40:00 - INFO - <<ETL Process>>
2025-02-08 14:40:00 - INFO - Config data access object...
2025-02-08 14:40:00 - INFO - Getting data of all cities of Viet Nam...
2025-02-08 14:40:00 - INFO - Successfully. Elapsed Time: 0.0291s...
2025-02-08 14:40:00 - INFO - Extracting weather data for 10 cities of Viet Nam...
2025-02-08 14:40:12 - INFO - Successfully extract 10/10. Elapsed Time: 12.7729s...
2025-02-08 14:40:12 - INFO - Transforming weather data for 10 cities of Viet Nam...
2025-02-08 14:40:12 - INFO - Successfully transform 10/10. Elapsed Time: 0.0029s...
2025-02-08 14:40:12 - INFO - Loading weather data for 10 cities of Viet Nam...
2025-02-08 14:40:13 - INFO - Successfully load 10/10. Elapsed Time: 0.0343s...
2025-02-08 14:40:13 - INFO - <<End>>. Total Elapsed Time: 12.8552s...
2025-02-08 14:40:14 - INFO - Execution job count has reached 10. Cancelling the job.
2025-02-08 14:40:14 - INFO - !!!Done!!!
2025-02-08 18:46:00 - INFO - ---Job 1---
2025-02-08 18:46:00 - INFO - <<ETL Process>>
2025-02-08 18:46:00 - INFO - Config data access object...
2025-02-08 18:46:01 - INFO - Getting data of all cities of Viet Nam...
2025-02-08 18:46:26 - INFO - Successfully. Elapsed Time: 25.4634s...
2025-02-08 18:46:26 - INFO - Extracting weather data for 62 cities of Viet Nam...
2025-02-08 18:47:44 - INFO - Successfully extract 62/62. Elapsed Time: 78.2300s...
2025-02-08 18:47:44 - INFO - Transforming weather data for 62 cities of Viet Nam...
2025-02-08 18:47:44 - INFO - Successfully transform 62/62. Elapsed Time: 0.0010s...
2025-02-08 18:47:44 - INFO - Loading weather data for 62 cities of Viet Nam...
2025-02-08 18:47:44 - INFO - Successfully load 62/62. Elapsed Time: 0.0538s...
2025-02-08 18:47:44 - INFO - <<End>>. Total Elapsed Time: 104.2213s...
2025-02-08 18:47:45 - INFO - Execution job count has reached 1. Cancelling the job.
2025-02-08 18:47:45 - INFO - !!!Done!!!
2025-02-08 18:51:00 - INFO - ---Job 1---
2025-02-08 18:51:00 - INFO - <<ETL Process>>
2025-02-08 18:51:00 - INFO - Config data access object...
2025-02-08 18:51:00 - INFO - Getting data of all cities of Viet Nam...
2025-02-08 18:51:00 - INFO - Successfully. Elapsed Time: 0.0261s...
2025-02-08 18:51:00 - INFO - Extracting weather data for 62 cities of Viet Nam...
2025-02-08 18:52:05 - INFO - Successfully extract 62/62. Elapsed Time: 64.9052s...
2025-02-08 18:52:05 - INFO - Transforming weather data for 62 cities of Viet Nam...
2025-02-08 18:52:05 - INFO - Successfully transform 62/62. Elapsed Time: 0.0300s...
2025-02-08 18:52:05 - INFO - Loading weather data for 62 cities of Viet Nam...
2025-02-08 18:52:05 - INFO - Successfully load 62/62. Elapsed Time: 0.0682s...
2025-02-08 18:52:05 - INFO - <<End>>. Total Elapsed Time: 65.1315s...
2025-02-08 18:52:06 - INFO - Execution job count has reached 1. Cancelling the job.
2025-02-08 18:52:06 - INFO - !!!Done!!!
2025-02-08 19:00:00 - INFO - ---Job 1---
2025-02-08 19:00:00 - INFO - <<ETL Process>>
2025-02-08 19:00:00 - INFO - Config data access object...
2025-02-08 19:00:00 - INFO - Getting data of all cities of Viet Nam...
2025-02-08 19:00:00 - INFO - Successfully. Elapsed Time: 0.0218s...
2025-02-08 19:00:00 - INFO - Extracting weather data for 62 cities of Viet Nam...
2025-02-08 19:01:20 - INFO - Successfully extract 62/62. Elapsed Time: 80.3755s...
2025-02-08 19:01:20 - INFO - Transforming weather data for 62 cities of Viet Nam...
2025-02-08 19:01:20 - INFO - Successfully transform 62/62. Elapsed Time: 0.0264s...
2025-02-08 19:01:20 - INFO - Loading weather data for 62 cities of Viet Nam...
2025-02-08 19:01:20 - INFO - Successfully load 62/62. Elapsed Time: 0.0366s...
2025-02-08 19:01:20 - INFO - <<End>>. Total Elapsed Time: 80.5582s...
2025-02-08 19:30:00 - INFO - ---Job 2---
2025-02-08 19:30:00 - INFO - <<ETL Process>>
2025-02-08 19:30:00 - INFO - Config data access object...
2025-02-08 19:30:00 - INFO - Getting data of all cities of Viet Nam...
2025-02-08 19:30:00 - INFO - Successfully. Elapsed Time: 0.0360s...
2025-02-08 19:30:00 - INFO - Extracting weather data for 62 cities of Viet Nam...
2025-02-08 19:31:09 - INFO - Successfully extract 62/62. Elapsed Time: 68.5365s...
2025-02-08 19:31:09 - INFO - Transforming weather data for 62 cities of Viet Nam...
2025-02-08 19:31:09 - INFO - Successfully transform 62/62. Elapsed Time: 0.0010s...
2025-02-08 19:31:09 - INFO - Loading weather data for 62 cities of Viet Nam...
2025-02-08 19:31:09 - INFO - Successfully load 62/62. Elapsed Time: 0.0485s...
2025-02-08 19:31:09 - INFO - <<End>>. Total Elapsed Time: 68.7002s...
2025-02-08 20:00:00 - INFO - ---Job 3---
2025-02-08 20:00:00 - INFO - <<ETL Process>>
2025-02-08 20:00:00 - INFO - Config data access object...
2025-02-08 20:00:00 - INFO - Getting data of all cities of Viet Nam...
2025-02-08 20:00:00 - INFO - Successfully. Elapsed Time: 0.0150s...
2025-02-08 20:00:00 - INFO - Extracting weather data for 62 cities of Viet Nam...
2025-02-08 20:01:04 - INFO - Successfully extract 62/62. Elapsed Time: 64.7799s...
2025-02-08 20:01:04 - INFO - Transforming weather data for 62 cities of Viet Nam...
2025-02-08 20:01:04 - INFO - Successfully transform 62/62. Elapsed Time: 0.0020s...
2025-02-08 20:01:04 - INFO - Loading weather data for 62 cities of Viet Nam...
2025-02-08 20:01:05 - INFO - Successfully load 62/62. Elapsed Time: 0.0893s...
2025-02-08 20:01:05 - INFO - <<End>>. Total Elapsed Time: 64.9372s...
2025-02-08 20:30:00 - INFO - ---Job 4---
2025-02-08 20:30:00 - INFO - <<ETL Process>>
2025-02-08 20:30:00 - INFO - Config data access object...
2025-02-08 20:30:00 - INFO - Getting data of all cities of Viet Nam...
2025-02-08 20:30:00 - INFO - Successfully. Elapsed Time: 0.0480s...
2025-02-08 20:30:00 - INFO - Extracting weather data for 62 cities of Viet Nam...
2025-02-08 20:31:17 - INFO - Successfully extract 62/62. Elapsed Time: 76.3792s...
2025-02-08 20:31:17 - INFO - Transforming weather data for 62 cities of Viet Nam...
2025-02-08 20:31:17 - INFO - Successfully transform 62/62. Elapsed Time: 0.0000s...
2025-02-08 20:31:17 - INFO - Loading weather data for 62 cities of Viet Nam...
2025-02-08 20:31:17 - INFO - Successfully load 62/62. Elapsed Time: 0.0888s...
2025-02-08 20:31:17 - INFO - <<End>>. Total Elapsed Time: 76.5550s...
2025-02-08 20:31:18 - INFO - Execution job count has reached 4. Cancelling the job.
2025-02-08 20:31:18 - INFO - !!!Done!!!